<?xml version="1.0" encoding="UTF-8"?>
<!-- Generated by org.testng.reporters.JUnitXMLReporter -->
<testsuite ignored="0" hostname="DESKTOP-90P13E2" failures="0" tests="5" name="Default test" time="0.176" errors="0" timestamp="2025-11-19T13:01:30 IST">
  <testcase classname="Testng.Day2" name="plan" time="0.012"/>
  <testcase classname="Testng.Day2" name="planninf" time="0.011"/>
  <testcase classname="Testng.Day1" name="Demo" time="0.002"/>
  <testcase classname="Testng.Day1" name="testing" time="0.008"/>
  <testcase classname="Testng.Day1" name="testing2" time="0.004"/>
</testsuite> <!-- Default test -->
