<?xml version="1.0" encoding="UTF-8"?>
<testng-results ignored="0" total="1" passed="1" failed="0" skipped="0">
  <reporter-output>
  </reporter-output>
  <suite started-at="2026-03-20T15:08:26 IST" name="Default suite" finished-at="2026-03-20T15:08:44 IST" duration-ms="18795">
    <groups>
    </groups>
    <test started-at="2026-03-20T15:08:26 IST" name="Default test" finished-at="2026-03-20T15:08:44 IST" duration-ms="18795">
      <class name="Automation_blogspot.GUI_Test">
        <test-method signature="test()[pri:0, instance:Automation_blogspot.GUI_Test@22555ebf]" started-at="2026-03-20T15:08:26 IST" name="test" finished-at="2026-03-20T15:08:44 IST" duration-ms="18720" status="PASS">
          <reporter-output>
          </reporter-output>
        </test-method> <!-- test -->
      </class> <!-- Automation_blogspot.GUI_Test -->
    </test> <!-- Default test -->
  </suite> <!-- Default suite -->
</testng-results>
