<?xml version="1.0" encoding="UTF-8"?>
<testng-results ignored="0" total="5" passed="5" failed="0" skipped="0">
  <reporter-output>
  </reporter-output>
  <suite started-at="2025-11-19T13:01:30 IST" name="Default suite" finished-at="2025-11-19T13:01:30 IST" duration-ms="176">
    <groups>
      <group name="Sanity">
        <method signature="Day1.testing2()[pri:0, instance:Testng.Day1@36fc695d]" name="testing2" class="Testng.Day1"/>
      </group> <!-- Sanity -->
      <group name="Smoke">
        <method signature="Day1.Demo()[pri:0, instance:Testng.Day1@36fc695d]" name="Demo" class="Testng.Day1"/>
        <method signature="Day1.testing()[pri:0, instance:Testng.Day1@36fc695d]" name="testing" class="Testng.Day1"/>
        <method signature="Day2.planninf()[pri:0, instance:Testng.Day2@41d477ed]" name="planninf" class="Testng.Day2"/>
      </group> <!-- Smoke -->
    </groups>
    <test started-at="2025-11-19T13:01:30 IST" name="Default test" finished-at="2025-11-19T13:01:30 IST" duration-ms="176">
      <class name="Testng.Day2">
        <test-method is-config="true" signature="prerequisite()[pri:0, instance:Testng.Day2@41d477ed]" started-at="2025-11-19T13:01:30 IST" name="prerequisite" finished-at="2025-11-19T13:01:30 IST" duration-ms="0" status="PASS">
          <reporter-output>
          </reporter-output>
        </test-method> <!-- prerequisite -->
        <test-method is-config="true" signature="bfMethod()[pri:0, instance:Testng.Day2@41d477ed]" started-at="2025-11-19T13:01:30 IST" name="bfMethod" finished-at="2025-11-19T13:01:30 IST" duration-ms="1" status="PASS">
          <reporter-output>
          </reporter-output>
        </test-method> <!-- bfMethod -->
        <test-method signature="plan()[pri:0, instance:Testng.Day2@41d477ed]" started-at="2025-11-19T13:01:30 IST" name="plan" finished-at="2025-11-19T13:01:30 IST" duration-ms="12" status="PASS">
          <reporter-output>
          </reporter-output>
        </test-method> <!-- plan -->
        <test-method is-config="true" signature="afMethod()[pri:0, instance:Testng.Day2@41d477ed]" started-at="2025-11-19T13:01:30 IST" name="afMethod" finished-at="2025-11-19T13:01:30 IST" duration-ms="1" status="PASS">
          <reporter-output>
          </reporter-output>
        </test-method> <!-- afMethod -->
        <test-method is-config="true" signature="bfMethod()[pri:0, instance:Testng.Day2@41d477ed]" started-at="2025-11-19T13:01:30 IST" name="bfMethod" finished-at="2025-11-19T13:01:30 IST" duration-ms="1" status="PASS">
          <reporter-output>
          </reporter-output>
        </test-method> <!-- bfMethod -->
        <test-method signature="planninf()[pri:0, instance:Testng.Day2@41d477ed]" started-at="2025-11-19T13:01:30 IST" name="planninf" finished-at="2025-11-19T13:01:30 IST" duration-ms="11" status="PASS">
          <reporter-output>
          </reporter-output>
        </test-method> <!-- planninf -->
        <test-method is-config="true" signature="afMethod()[pri:0, instance:Testng.Day2@41d477ed]" started-at="2025-11-19T13:01:30 IST" name="afMethod" finished-at="2025-11-19T13:01:30 IST" duration-ms="2" status="PASS">
          <reporter-output>
          </reporter-output>
        </test-method> <!-- afMethod -->
        <test-method is-config="true" signature="AfSuite()[pri:0, instance:Testng.Day2@41d477ed]" started-at="2025-11-19T13:01:30 IST" name="AfSuite" finished-at="2025-11-19T13:01:30 IST" duration-ms="2" status="PASS">
          <reporter-output>
          </reporter-output>
        </test-method> <!-- AfSuite -->
      </class> <!-- Testng.Day2 -->
      <class name="Testng.Day1">
        <test-method is-config="true" signature="bfSuite()[pri:0, instance:Testng.Day1@36fc695d]" started-at="2025-11-19T13:01:30 IST" name="bfSuite" finished-at="2025-11-19T13:01:30 IST" duration-ms="19" status="PASS">
          <reporter-output>
          </reporter-output>
        </test-method> <!-- bfSuite -->
        <test-method is-config="true" signature="bfTest()[pri:0, instance:Testng.Day1@36fc695d]" started-at="2025-11-19T13:01:30 IST" name="bfTest" finished-at="2025-11-19T13:01:30 IST" duration-ms="3" status="PASS">
          <reporter-output>
          </reporter-output>
        </test-method> <!-- bfTest -->
        <test-method signature="Demo()[pri:0, instance:Testng.Day1@36fc695d]" started-at="2025-11-19T13:01:30 IST" name="Demo" finished-at="2025-11-19T13:01:30 IST" duration-ms="2" status="PASS">
          <reporter-output>
          </reporter-output>
        </test-method> <!-- Demo -->
        <test-method signature="testing()[pri:0, instance:Testng.Day1@36fc695d]" started-at="2025-11-19T13:01:30 IST" name="testing" finished-at="2025-11-19T13:01:30 IST" duration-ms="8" status="PASS">
          <reporter-output>
          </reporter-output>
        </test-method> <!-- testing -->
        <test-method signature="testing2()[pri:0, instance:Testng.Day1@36fc695d]" started-at="2025-11-19T13:01:30 IST" name="testing2" finished-at="2025-11-19T13:01:30 IST" duration-ms="4" status="PASS">
          <reporter-output>
          </reporter-output>
        </test-method> <!-- testing2 -->
        <test-method is-config="true" signature="LastEXECUTION()[pri:0, instance:Testng.Day1@36fc695d]" started-at="2025-11-19T13:01:30 IST" name="LastEXECUTION" finished-at="2025-11-19T13:01:30 IST" duration-ms="2" status="PASS">
          <reporter-output>
          </reporter-output>
        </test-method> <!-- LastEXECUTION -->
        <test-method is-config="true" signature="afTest()[pri:0, instance:Testng.Day1@36fc695d]" started-at="2025-11-19T13:01:30 IST" name="afTest" finished-at="2025-11-19T13:01:30 IST" duration-ms="2" status="PASS">
          <reporter-output>
          </reporter-output>
        </test-method> <!-- afTest -->
      </class> <!-- Testng.Day1 -->
    </test> <!-- Default test -->
  </suite> <!-- Default suite -->
</testng-results>
